TN:
SF:src\controllers\register-vehicle.ts
FN:4,RegisterVehicle
FN:5,RegisterVehicle.handle
FNF:2
FNH:2
FNDA:5,RegisterVehicle
FNDA:5,RegisterVehicle.handle
DA:1,1
DA:2,1
DA:3,1
DA:4,5
DA:5,5
DA:6,5
DA:7,5
DA:8,5
DA:9,14
DA:10,4
DA:11,4
DA:12,4
DA:13,4
DA:14,4
DA:15,14
DA:16,1
DA:17,1
DA:18,1
DA:19,1
DA:20,1
DA:21,5
DA:22,5
LF:22
LH:22
BRDA:4,0,0,5
BRDA:5,1,0,5
BRDA:8,2,0,14
BRDA:9,3,0,4
BRDA:16,4,0,1
BRF:5
BRH:5
end_of_record
TN:
SF:src\errors\client-error.ts
FN:2,MissingFormalParameter
FN:8,InvalidArgs
FNF:2
FNH:2
FNDA:8,MissingFormalParameter
FNDA:6,InvalidArgs
DA:1,1
DA:2,1
DA:3,8
DA:4,8
DA:5,1
DA:6,1
DA:7,1
DA:8,1
DA:9,6
DA:10,6
DA:11,1
LF:11
LH:11
BRDA:2,0,0,8
BRDA:8,1,0,6
BRF:2
BRH:2
end_of_record
TN:
SF:src\helpers\vehicle-model.helper.ts
FN:7,VehicleHelper
FNF:1
FNH:1
FNDA:1,VehicleHelper
DA:1,1
DA:2,1
DA:3,1
DA:4,1
DA:5,1
DA:6,1
DA:7,1
DA:8,1
DA:9,1
DA:10,1
DA:11,1
DA:12,1
DA:13,1
LF:13
LH:13
BRDA:7,0,0,1
BRF:1
BRH:1
end_of_record
TN:
SF:src\models\Contract.ts
FN:3,ContractModel
FN:8,getId
FN:12,getInitialDate
FN:16,getExpirationDate
FN:20,getMonthlyCost
FN:24,getMonth
FN:30,ContractPrime
FN:37,monthlyDiscount
FNF:8
FNH:8
FNDA:2,ContractModel
FNDA:2,getId
FNDA:2,getInitialDate
FNDA:2,getExpirationDate
FNDA:3,getMonthlyCost
FNDA:1,getMonth
FNDA:1,ContractPrime
FNDA:1,monthlyDiscount
DA:1,1
DA:2,1
DA:3,1
DA:4,2
DA:5,2
DA:6,2
DA:7,1
DA:8,1
DA:9,2
DA:10,2
DA:11,1
DA:12,1
DA:13,2
DA:14,2
DA:15,1
DA:16,1
DA:17,2
DA:18,2
DA:19,1
DA:20,1
DA:21,3
DA:22,3
DA:23,1
DA:24,1
DA:25,1
DA:26,1
DA:27,1
DA:28,1
DA:29,1
DA:30,1
DA:31,1
DA:32,1
DA:33,1
DA:34,1
DA:35,1
DA:36,1
DA:37,1
DA:38,1
DA:39,1
DA:40,1
LF:40
LH:40
BRDA:3,0,0,2
BRDA:8,1,0,2
BRDA:12,2,0,2
BRDA:16,3,0,2
BRDA:20,4,0,3
BRDA:24,5,0,1
BRDA:30,6,0,1
BRDA:37,7,0,1
BRF:8
BRH:8
end_of_record
TN:
SF:src\models\Food.ts
FN:8,FoodModel
FN:14,getName
FN:18,getDescription
FN:22,getPrice
FN:26,toJSON
FNF:5
FNH:5
FNDA:1,FoodModel
FNDA:1,getName
FNDA:1,getDescription
FNDA:1,getPrice
FNDA:1,toJSON
DA:1,1
DA:2,1
DA:3,1
DA:4,1
DA:5,1
DA:6,1
DA:7,1
DA:8,1
DA:9,1
DA:10,1
DA:11,1
DA:12,1
DA:13,1
DA:14,1
DA:15,1
DA:16,1
DA:17,1
DA:18,1
DA:19,1
DA:20,1
DA:21,1
DA:22,1
DA:23,1
DA:24,1
DA:25,1
DA:26,1
DA:27,1
DA:28,1
DA:29,1
DA:30,1
DA:31,1
DA:32,1
DA:33,1
LF:33
LH:33
BRDA:8,0,0,1
BRDA:14,1,0,1
BRDA:18,2,0,1
BRDA:22,3,0,1
BRDA:26,4,0,1
BRF:5
BRH:5
end_of_record
TN:
SF:src\models\Pen.ts
FN:2,Pen
FN:6,write
FNF:2
FNH:2
FNDA:1,Pen
FNDA:1,write
DA:1,1
DA:2,1
DA:3,1
DA:4,1
DA:5,1
DA:6,1
DA:7,1
DA:8,1
DA:9,1
LF:9
LH:9
BRDA:2,0,0,1
BRDA:6,1,0,1
BRF:2
BRH:2
end_of_record
TN:
SF:src\models\Vehicle.ts
FN:9,VehicleModel
FN:18,get name
FN:22,get model
FN:26,get year
FN:30,get price
FNF:5
FNH:5
FNDA:1,VehicleModel
FNDA:1,get name
FNDA:1,get model
FNDA:1,get year
FNDA:1,get price
DA:1,1
DA:2,1
DA:3,1
DA:4,1
DA:5,1
DA:6,1
DA:7,1
DA:8,1
DA:9,1
DA:10,1
DA:11,1
DA:12,1
DA:13,1
DA:14,1
DA:15,1
DA:16,1
DA:17,1
DA:18,1
DA:19,1
DA:20,1
DA:21,1
DA:22,1
DA:23,1
DA:24,1
DA:25,1
DA:26,1
DA:27,1
DA:28,1
DA:29,1
DA:30,1
DA:31,1
DA:32,1
DA:33,1
LF:33
LH:33
BRDA:9,0,0,1
BRDA:18,1,0,1
BRDA:22,2,0,1
BRDA:26,3,0,1
BRDA:30,4,0,1
BRF:5
BRH:5
end_of_record
TN:
SF:src\protocols\protocols-http.ts
FN:5,parseUrl
FNF:1
FNH:1
FNDA:5,parseUrl
DA:1,1
DA:2,1
DA:3,1
DA:4,1
DA:5,1
DA:6,5
DA:7,3
DA:8,3
DA:9,2
DA:10,2
DA:11,2
DA:12,2
DA:13,2
DA:14,1
LF:14
LH:14
BRDA:5,0,0,5
BRDA:6,1,0,3
BRDA:9,2,0,2
BRF:3
BRH:3
end_of_record
