TN:
SF:src\controllers\register-vehicle.ts
FN:3,RegisterVehicle
FN:4,RegisterVehicle.handle
FNF:2
FNH:2
FNDA:5,RegisterVehicle
FNDA:5,RegisterVehicle.handle
DA:1,1
DA:2,1
DA:3,5
DA:4,5
DA:5,5
DA:6,5
DA:7,5
DA:8,14
DA:9,4
DA:10,4
DA:11,4
DA:12,4
DA:13,4
DA:14,14
DA:15,1
DA:16,1
DA:17,1
DA:18,1
DA:19,1
DA:20,5
DA:21,5
LF:21
LH:21
BRDA:3,0,0,5
BRDA:4,1,0,5
BRDA:7,2,0,14
BRDA:8,3,0,4
BRDA:15,4,0,1
BRF:5
BRH:5
end_of_record
TN:
SF:src\helpers\vehicle-model.helper.ts
FN:1,(empty-report)
FNF:1
FNH:0
FNDA:0,(empty-report)
DA:1,0
DA:2,0
DA:3,0
DA:4,0
DA:5,0
DA:6,0
DA:7,0
DA:8,0
DA:9,0
DA:10,0
DA:11,0
DA:12,0
DA:13,0
LF:13
LH:0
BRDA:1,0,0,0
BRF:1
BRH:0
end_of_record
TN:
SF:src\interfaces\http-interface.ts
FN:1,(empty-report)
FNF:1
FNH:0
FNDA:0,(empty-report)
DA:1,0
DA:2,0
DA:3,0
DA:4,0
DA:5,0
DA:6,0
DA:7,0
DA:8,0
LF:8
LH:0
BRDA:1,0,0,0
BRF:1
BRH:0
end_of_record
TN:
SF:src\models\Food.ts
FN:2,FoodModel
FN:8,getName
FN:12,getDescription
FN:16,getPrice
FNF:4
FNH:4
FNDA:1,FoodModel
FNDA:1,getName
FNDA:1,getDescription
FNDA:1,getPrice
DA:1,1
DA:2,1
DA:3,1
DA:4,1
DA:5,1
DA:6,1
DA:7,1
DA:8,1
DA:9,1
DA:10,1
DA:11,1
DA:12,1
DA:13,1
DA:14,1
DA:15,1
DA:16,1
DA:17,1
DA:18,1
DA:19,1
LF:19
LH:19
BRDA:2,0,0,1
BRDA:8,1,0,1
BRDA:12,2,0,1
BRDA:16,3,0,1
BRF:4
BRH:4
end_of_record
TN:
SF:src\models\Vehicle.ts
FN:9,VehicleModel
FN:18,get name
FN:22,get model
FN:26,get year
FN:30,get price
FNF:5
FNH:5
FNDA:1,VehicleModel
FNDA:1,get name
FNDA:1,get model
FNDA:1,get year
FNDA:1,get price
DA:1,1
DA:2,1
DA:3,1
DA:4,1
DA:5,1
DA:6,1
DA:7,1
DA:8,1
DA:9,1
DA:10,1
DA:11,1
DA:12,1
DA:13,1
DA:14,1
DA:15,1
DA:16,1
DA:17,1
DA:18,1
DA:19,1
DA:20,1
DA:21,1
DA:22,1
DA:23,1
DA:24,1
DA:25,1
DA:26,1
DA:27,1
DA:28,1
DA:29,1
DA:30,1
DA:31,1
DA:32,1
DA:33,1
LF:33
LH:33
BRDA:9,0,0,1
BRDA:18,1,0,1
BRDA:22,2,0,1
BRDA:26,3,0,1
BRDA:30,4,0,1
BRF:5
BRH:5
end_of_record
